C51 COMPILER V9.59.0.0   EEPROM                                                            09/19/2018 10:21:08 PAGE 1   


C51 COMPILER V9.59.0.0, COMPILATION OF MODULE EEPROM
OBJECT MODULE PLACED IN .\Objects\EEPROM.obj
COMPILER INVOKED BY: F:\Keil_v5_C51\C51\BIN\C51.EXE ..\MyLib\src\EEPROM.c OPTIMIZE(8,SPEED) BROWSE INCDIR(..\Protocol;..
                    -\Mode\inc;..\MyLib\inc;..\Lib\inc;..\User) DEBUG OBJECTEXTEND PRINT(.\Listings\EEPROM.lst) TABS(2) OBJECT(.\Objects\EEPR
                    -OM.obj)

line level    source

   1          #include "STC8A8K32S4A12.h"
   2          
   3          #include "EEPROM.h"
   4          #include "intrins.h"
   5          
   6          #define WT_24M 0x81
   7          
   8          void IapIdle()
   9          {
  10   1          IAP_CONTR = 0;    //关闭IAP功能
  11   1          IAP_CMD = 0;      //清除命令寄存器
  12   1          IAP_TRIG = 0;     //清除触发寄存器
  13   1          IAP_ADDRH = 0x80; //将地址设置到非IAP区域
  14   1          IAP_ADDRL = 0;
  15   1      }
  16          
  17          char IapRead(int addr)
  18          {
  19   1          char dat;
  20   1      
  21   1          IAP_CONTR = WT_24M;    //使能IAP
  22   1          IAP_CMD = 1;           //设置IAP读命令
  23   1          IAP_ADDRL = addr;      //设置IAP低地址
  24   1          IAP_ADDRH = addr >> 8; //设置IAP高地址
  25   1          IAP_TRIG = 0x5a;       //写触发命令(0x5a)
  26   1          IAP_TRIG = 0xa5;       //写触发命令(0xa5)
  27   1          _nop_();
  28   1          dat = IAP_DATA; //读IAP数据
  29   1          IapIdle();      //关闭IAP功能
  30   1      
  31   1          return dat;
  32   1      }
  33          
  34          void IapProgram(int addr, char dat)
  35          {
  36   1          IAP_CONTR = WT_24M;    //使能IAP
  37   1          IAP_CMD = 2;           //设置IAP写命令
  38   1          IAP_ADDRL = addr;      //设置IAP低地址
  39   1          IAP_ADDRH = addr >> 8; //设置IAP高地址
  40   1          IAP_DATA = dat;        //写IAP数据
  41   1          IAP_TRIG = 0x5a;       //写触发命令(0x5a)
  42   1          IAP_TRIG = 0xa5;       //写触发命令(0xa5)
  43   1          _nop_();
  44   1          IapIdle(); //关闭IAP功能
  45   1      }
  46          
  47          void IapErase(int addr)
  48          {
  49   1          IAP_CONTR = WT_24M;    //使能IAP
  50   1          IAP_CMD = 3;           //设置IAP擦除命令
  51   1          IAP_ADDRL = addr;      //设置IAP低地址
  52   1          IAP_ADDRH = addr >> 8; //设置IAP高地址
  53   1          IAP_TRIG = 0x5a;       //写触发命令(0x5a)
C51 COMPILER V9.59.0.0   EEPROM                                                            09/19/2018 10:21:08 PAGE 2   

  54   1          IAP_TRIG = 0xa5;       //写触发命令(0xa5)
  55   1          _nop_();               //
  56   1          IapIdle();             //关闭IAP功能
  57   1      }


MODULE INFORMATION:   STATIC OVERLAYABLE
   CODE SIZE        =     83    ----
   CONSTANT SIZE    =   ----    ----
   XDATA SIZE       =   ----    ----
   PDATA SIZE       =   ----    ----
   DATA SIZE        =   ----    ----
   IDATA SIZE       =   ----    ----
   BIT SIZE         =   ----    ----
END OF MODULE INFORMATION.


C51 COMPILATION COMPLETE.  0 WARNING(S),  0 ERROR(S)
