C51 COMPILER V9.59.0.0   IODEAL                                                            09/19/2018 10:14:31 PAGE 1   


C51 COMPILER V9.59.0.0, COMPILATION OF MODULE IODEAL
OBJECT MODULE PLACED IN .\Objects\IODeal.obj
COMPILER INVOKED BY: F:\Keil_v5_C51\C51\BIN\C51.EXE ..\MyLib\src\IODeal.c OPTIMIZE(8,SPEED) BROWSE INCDIR(..\Protocol;..
                    -\Mode\inc;..\MyLib\inc;..\Lib\inc;..\User) DEBUG OBJECTEXTEND PRINT(.\Listings\IODeal.lst) TABS(2) OBJECT(.\Objects\IODe
                    -al.obj)

line level    source

   1          #include "IODeal.h"
   2          #include "Delay.h"
   3          
   4          #include "STC8A8K32S4A12.h"
   5          
   6          void Valve_Init(void)
   7          {
   8   1          P2M1 = 0x00;
   9   1          P2M0 = 0x30;
  10   1      }
  11          
  12          void Valve_Open(void)
  13          {
  14   1      
  15   1          P24 = 0;
  16   1          P25 = 1;
  17   1          Delay_MS(20);
  18   1          P25 = 0;
  19   1      }
  20          
  21          void Valve_Close(void)
  22          {
  23   1          P24 = 1;
  24   1          P25 = 0;
  25   1          Delay_MS(20);
  26   1          P24 = 0;
  27   1      }
  28          


MODULE INFORMATION:   STATIC OVERLAYABLE
   CODE SIZE        =     35    ----
   CONSTANT SIZE    =   ----    ----
   XDATA SIZE       =   ----    ----
   PDATA SIZE       =   ----    ----
   DATA SIZE        =   ----    ----
   IDATA SIZE       =   ----    ----
   BIT SIZE         =   ----    ----
END OF MODULE INFORMATION.


C51 COMPILATION COMPLETE.  0 WARNING(S),  0 ERROR(S)
