C51 COMPILER V9.59.0.0   LOSTMODE                                                          08/10/2018 09:24:20 PAGE 1   


C51 COMPILER V9.59.0.0, COMPILATION OF MODULE LOSTMODE
OBJECT MODULE PLACED IN .\Objects\LostMode.obj
COMPILER INVOKED BY: F:\Keil_v5_C51\C51\BIN\C51.EXE ..\Mode\src\LostMode.c LARGE ROM(SMALL) OPTIMIZE(8,SPEED) BROWSE INC
                    -DIR(..\Protocol;..\Mode\inc;..\MyLib\inc;..\Lib\inc;..\User) DEBUG OBJECTEXTEND PRINT(.\Listings\LostMode.lst) TABS(2) O
                    -BJECT(.\Objects\LostMode.obj)

line level    source

   1          #include "LostMode.h"
   2          
   3          


MODULE INFORMATION:   STATIC OVERLAYABLE
   CODE SIZE        =   ----    ----
   CONSTANT SIZE    =   ----    ----
   XDATA SIZE       =   ----    ----
   PDATA SIZE       =   ----    ----
   DATA SIZE        =   ----    ----
   IDATA SIZE       =   ----    ----
   BIT SIZE         =   ----    ----
END OF MODULE INFORMATION.


C51 COMPILATION COMPLETE.  0 WARNING(S),  0 ERROR(S)
