C51 COMPILER V9.59.0.0   TIMER                                                             09/26/2018 15:39:21 PAGE 1   


C51 COMPILER V9.59.0.0, COMPILATION OF MODULE TIMER
OBJECT MODULE PLACED IN .\Objects\Timer.obj
COMPILER INVOKED BY: F:\Keil_v5_C51\C51\BIN\C51.EXE ..\MyLib\src\Timer.c OPTIMIZE(8,SPEED) BROWSE INCDIR(..\Protocol;..\
                    -Mode\inc;..\MyLib\inc;..\Lib\inc;..\User) DEBUG OBJECTEXTEND PRINT(.\Listings\Timer.lst) TABS(2) OBJECT(.\Objects\Timer.
                    -obj)

line level    source

   1          #include "STC8A8K32S4A12.h"
   2          
   3          #include "Timer.h"
   4          #include "Packet.h"
   5          #include "Order.h"
   6          #include "EEPROM.h"
   7          
   8          void TIM0_Init(void) //10毫秒@24.000MHz
   9          {
  10   1          TMOD = 0x04; //外部计数模式
  11   1          TL0 = 0xff;
  12   1          TH0 = 0xff;
  13   1          TR0 = 1; //启动定时器
  14   1          ET0 = 1; //使能定时器中断
  15   1          EA = 1;
  16   1      }
  17          
  18          void TIM2_Init(void) //1毫秒@24.000MHz
  19          {
  20   1          AUXR |= 0x04;  //定时器时钟1T模式
  21   1          T2L = 0x40;    //设置定时初值
  22   1          T2H = 0xA2;    //设置定时初值
  23   1          AUXR &= ~0x10; //定时器2开始计时
  24   1          IE2 |= ET2;
  25   1          EA = 1;
  26   1      }
  27          
  28          void TIM3_Init(void) //1毫秒@24.000MHz
  29          {
  30   1          T4T3M |= 0x02;  //定时器时钟1T模式
  31   1          T3L = 0x40;     //设置定时初值
  32   1          T3H = 0xA2;     //设置定时初值
  33   1          T4T3M &= ~0x08; //定时器3开始计时
  34   1          IE2 |= ET3;     //使能定时器中断
  35   1          EA = 1;
  36   1      }
  37          
  38          void TIM4_Init(void) //1毫秒@24.000MHz
  39          {
  40   1          T4T3M |= 0x20; //定时器时钟12T模式
  41   1          T4L = 0x40;    //设置定时初值
  42   1          T4H = 0xA2;    //设置定时初值
  43   1          T4T3M |= 0x80; //定时器4开始计时
  44   1          IE2 |= ET4;
  45   1          EA = 1;
  46   1      }
  47          
  48          void TIM0_Isr() interrupt 1 using 1
  49          {
  50   1          ValveCount++;
  51   1          ValveCountDown--;
  52   1          ValveAll++;
  53   1              if(ValveCountDown == 0)
C51 COMPILER V9.59.0.0   TIMER                                                             09/26/2018 15:39:21 PAGE 2   

  54   1          {
  55   2              ValveCountDown = 0;
  56   2          }
  57   1      }
  58          
  59          void TIM2_Isr() interrupt 12 using 1
  60          {
  61   1          if (PollTimer_Start == 0)
  62   1          {
  63   2              TempTimer_Start = ValveCount;
  64   2          }
  65   1          PollTimer_Start++;
  66   1          if (PollTimer_Start == 2000)
  67   1          {
  68   2              PollTimer_Start = 0;
  69   2              if (ValveCount - TempTimer_Start >= 5)
  70   2              {
  71   3                  //ValveCount = 0;
  72   3                  StartBool = True;
  73   3                  AUXR &= ~0x10; //用户开始用水定时器关闭
  74   3                  T4T3M |= 0x08; //用户结束用水定时器开启
  75   3              }
  76   2          }
  77   1          AUXINTIF &= ~T2IF; //清中断标志
  78   1      }
  79          
  80          void TIM3_Isr() interrupt 19 using 1
  81          {
  82   1          if (PollTimer_Stop == 0)
  83   1          {
  84   2              TempTimer_Stop = ValveCount;
  85   2          }
  86   1      
  87   1          PollTimer_Stop++;
  88   1          if (PollTimer_Start_Stop == 3000)
  89   1          {
  90   2              PollTimer_Stop = 0;
  91   2              PollTimer_Start_Stop = 0;
  92   2              StopBool = True;
  93   2              T4T3M &= ~0x08;
  94   2              if (IapRead(EEPROM_DeviceMode) == MODE_FLOW)
  95   2              {
  96   3                  AUXR |= 0x10;
  97   3              }
  98   2          }
  99   1          if (PollTimer_Stop == 100)
 100   1          {
 101   2              PollTimer_Stop = 0;
 102   2              if (ValveCount - TempTimer_Stop <= 5)
 103   2              {
 104   3                  PollTimer_Start_Stop = PollTimer_Start_Stop + 100;
 105   3              }
 106   2              else
 107   2              {
 108   3                  PollTimer_Start_Stop = 0;
 109   3              }
 110   2              TempTimer_Stop = ValveCount;
 111   2          }
 112   1          AUXINTIF &= ~T3IF;
 113   1      }
 114          
 115          void TIM4_Isr() interrupt 20 using 1
C51 COMPILER V9.59.0.0   TIMER                                                             09/26/2018 15:39:21 PAGE 3   

 116          {
 117   1          PollTimer++;
 118   1          if (PollTimer == 360000)
 119   1          {
 120   2              ICCIDBool = True;
 121   2              HeartPacketBool = True;
 122   2              PollTimer = 0;
 123   2          }
 124   1          AUXINTIF &= ~T4IF; //清中断标志
 125   1      }


MODULE INFORMATION:   STATIC OVERLAYABLE
   CODE SIZE        =    573    ----
   CONSTANT SIZE    =   ----    ----
   XDATA SIZE       =   ----    ----
   PDATA SIZE       =   ----    ----
   DATA SIZE        =   ----    ----
   IDATA SIZE       =   ----    ----
   BIT SIZE         =   ----    ----
END OF MODULE INFORMATION.


C51 COMPILATION COMPLETE.  0 WARNING(S),  0 ERROR(S)
